
Showing logs for build [32mcb-kubecd-environment-pr-188-5-kjpf7-1[0m stage [32mfrom-build-pack[0m and container [32mstep-credential-initializer-qfbw4[0m
{"level":"warn","ts":1585171443.3514452,"logger":"fallback-logger","caller":"logging/config.go:69","msg":"Fetch GitHub commit ID from kodata failed: \"ref: refs/heads/0.8.0-**-support-backwards-incompats\" is not a valid GitHub commit ID"}
{"level":"info","ts":1585171443.3523955,"logger":"fallback-logger","caller":"creds-init/main.go:40","msg":"Credentials initialized."}

Showing logs for build [32mcb-kubecd-environment-pr-188-5-kjpf7-1[0m stage [32mfrom-build-pack[0m and container [32mstep-working-dir-initializer-vqpt6[0m
{"level":"warn","ts":1585171444.2736058,"logger":"fallback-logger","caller":"logging/config.go:69","msg":"Fetch GitHub commit ID from kodata failed: open /var/run/ko/HEAD: no such file or directory"}
{"level":"info","ts":1585171444.2749147,"logger":"fallback-logger","caller":"bash/main.go:64","msg":"Successfully executed command \"sh -c mkdir -p /workspace/source\"; output "}

Showing logs for build [32mcb-kubecd-environment-pr-188-5-kjpf7-1[0m stage [32mfrom-build-pack[0m and container [32mstep-place-tools[0m

Showing logs for build [32mcb-kubecd-environment-pr-188-5-kjpf7-1[0m stage [32mfrom-build-pack[0m and container [32mstep-git-source-cb-kubecd-environment-pr-188-5-kjpf7-cblw7[0m
{"level":"warn","ts":1585171449.9985175,"logger":"fallback-logger","caller":"logging/config.go:69","msg":"Fetch GitHub commit ID from kodata failed: \"ref: refs/heads/0.8.0-**-support-backwards-incompats\" is not a valid GitHub commit ID"}
{"level":"info","ts":1585171451.146511,"logger":"fallback-logger","caller":"git/git.go:103","msg":"Successfully cloned https://github.com/cb-kubecd/environment-pr-188-5-boot-gke-staging.git @ master in path /workspace/source"}

Showing logs for build [32mcb-kubecd-environment-pr-188-5-kjpf7-1[0m stage [32mfrom-build-pack[0m and container [32mstep-git-merge[0m
Using SHAs from PULL_REFS=master:b928e476af77a8f286d90a6b978267a0e0c38e39,5:dd6f4fe60c7342dd89a7cb0afe7a1b16eb7dfcb0
DEBUG: LC_ALL=C JX_LOG_LEVEL=error git fetch origin --unshallow dd6f4fe60c7342dd89a7cb0afe7a1b16eb7dfcb0: b928e476af77a8f286d90a6b978267a0e0c38e39:
DEBUG: ran git fetch --unshallow origin dd6f4fe60c7342dd89a7cb0afe7a1b16eb7dfcb0: b928e476af77a8f286d90a6b978267a0e0c38e39: in 
DEBUG: JX_LOG_LEVEL=error LC_ALL=C git branch
DEBUG: LC_ALL=C JX_LOG_LEVEL=error git checkout master
DEBUG: ran git checkout master in 
DEBUG: LC_ALL=C JX_LOG_LEVEL=error git reset --hard b928e476af77a8f286d90a6b978267a0e0c38e39
DEBUG: ran git reset --hard b928e476af77a8f286d90a6b978267a0e0c38e39 in 
DEBUG: LC_ALL=C JX_LOG_LEVEL=error git clean -fd .
DEBUG: ran clean --force -d . in 
DEBUG: LC_ALL=C JX_LOG_LEVEL=error git merge dd6f4fe60c7342dd89a7cb0afe7a1b16eb7dfcb0
DEBUG: ran git merge dd6f4fe60c7342dd89a7cb0afe7a1b16eb7dfcb0 in 
DEBUG: JX_LOG_LEVEL=error LC_ALL=C git log --format=%H%x1f%an%x1f%ae%x1f%cn%x1f%ce%x1f%s%n%b%x1e b928e476af77a8f286d90a6b978267a0e0c38e39..HEAD
Merged SHA dd6f4fe60c7342dd89a7cb0afe7a1b16eb7dfcb0 with commit message 'chore: Promote bdd-nh-import-1585171203 to version 0.0.1' into base branch master

Showing logs for build [32mcb-kubecd-environment-pr-188-5-kjpf7-1[0m stage [32mfrom-build-pack[0m and container [32mstep-build-helm-build[0m
WARNING: No $CHART_REPOSITORY defined so using the default value of: http://jenkins-x-chartmuseum:8080
Adding missing Helm repo: storage.googleapis.com https://storage.googleapis.com/chartmuseum.jenkins-x.io
WARNING: No secrets found on "helm/repos" due: reading the secret "helm/repos" from vault: no secret "helm/repos" not found in vault
Read credentials for https://storage.googleapis.com/chartmuseum.jenkins-x.io from vault helm/repos
Successfully added Helm repository storage.googleapis.com.
Adding missing Helm repo: jenkins-x-chartmuseum http://jenkins-x-chartmuseum:8080
WARNING: No secrets found on "helm/repos" due: reading the secret "helm/repos" from vault: no secret "helm/repos" not found in vault
Read credentials for http://jenkins-x-chartmuseum:8080 from vault helm/repos
Successfully added Helm repository jenkins-x-chartmuseum.
WARNING: No $CHART_REPOSITORY defined so using the default value of: http://jenkins-x-chartmuseum:8080
Adding missing Helm repo: chartmuseum.jenkins-x.io http://chartmuseum.jenkins-x.io
WARNING: No secrets found on "helm/repos" due: reading the secret "helm/repos" from vault: no secret "helm/repos" not found in vault
Read credentials for http://chartmuseum.jenkins-x.io from vault helm/repos
Successfully added Helm repository chartmuseum.jenkins-x.io.
